<?xml version="1.0" encoding="UTF-8"?>
<testsuite xmlns:xsi="http://www.w3.org/2001/XMLSchema-instance" xsi:noNamespaceSchemaLocation="https://maven.apache.org/surefire/maven-surefire-plugin/xsd/surefire-test-report.xsd" name="TestSuite" time="35.981" tests="14" errors="0" skipped="0" failures="0">
  <properties>
    <property name="sun.desktop" value="windows"/>
    <property name="awt.toolkit" value="sun.awt.windows.WToolkit"/>
    <property name="java.specification.version" value="11"/>
    <property name="sun.cpu.isalist" value="amd64"/>
    <property name="sun.jnu.encoding" value="Cp1252"/>
    <property name="java.class.path" value="C:\SeleniumTraining\apache-maven-3.6.0\bin\..\boot\plexus-classworlds-2.5.2.jar"/>
    <property name="java.vm.vendor" value="Oracle Corporation"/>
    <property name="sun.arch.data.model" value="64"/>
    <property name="user.variant" value=""/>
    <property name="java.vendor.url" value="http://java.oracle.com/"/>
    <property name="user.timezone" value="America/Los_Angeles"/>
    <property name="maven.conf" value="C:\SeleniumTraining\apache-maven-3.6.0\bin\../conf"/>
    <property name="suiteXmlFile" value="testng_parallel.xml"/>
    <property name="os.name" value="Windows 10"/>
    <property name="java.vm.specification.version" value="11"/>
    <property name="sun.java.launcher" value="SUN_STANDARD"/>
    <property name="user.country" value="US"/>
    <property name="sun.boot.library.path" value="C:\Program Files\Java\jdk-11\bin"/>
    <property name="sun.java.command" value="org.codehaus.plexus.classworlds.launcher.Launcher clean test -DsuiteXmlFile=testng_parallel.xml"/>
    <property name="jdk.debug" value="release"/>
    <property name="maven.home" value="C:\SeleniumTraining\apache-maven-3.6.0\bin\.."/>
    <property name="sun.cpu.endian" value="little"/>
    <property name="user.home" value="C:\Users\patel"/>
    <property name="user.language" value="en"/>
    <property name="sun.stderr.encoding" value="cp437"/>
    <property name="java.specification.vendor" value="Oracle Corporation"/>
    <property name="java.version.date" value="2018-09-25"/>
    <property name="java.home" value="C:\Program Files\Java\jdk-11"/>
    <property name="file.separator" value="\"/>
    <property name="java.vm.compressedOopsMode" value="Zero based"/>
    <property name="line.separator" value="&#10;"/>
    <property name="sun.stdout.encoding" value="cp437"/>
    <property name="java.specification.name" value="Java Platform API Specification"/>
    <property name="java.vm.specification.vendor" value="Oracle Corporation"/>
    <property name="java.awt.graphicsenv" value="sun.awt.Win32GraphicsEnvironment"/>
    <property name="user.script" value=""/>
    <property name="sun.management.compiler" value="HotSpot 64-Bit Tiered Compilers"/>
    <property name="java.runtime.version" value="11+28"/>
    <property name="user.name" value="shree"/>
    <property name="path.separator" value=";"/>
    <property name="os.version" value="10.0"/>
    <property name="java.runtime.name" value="Java(TM) SE Runtime Environment"/>
    <property name="file.encoding" value="Cp1252"/>
    <property name="guice.disable.misplaced.annotation.check" value="true"/>
    <property name="java.vm.name" value="Java HotSpot(TM) 64-Bit Server VM"/>
    <property name="java.vendor.version" value="18.9"/>
    <property name="java.vendor.url.bug" value="http://bugreport.java.com/bugreport/"/>
    <property name="java.io.tmpdir" value="C:\Users\patel\AppData\Local\Temp\"/>
    <property name="java.version" value="11"/>
    <property name="user.dir" value="C:\SeleniumTraining\JavaLearning\NaveenAutomationLabsPOMSeries"/>
    <property name="os.arch" value="amd64"/>
    <property name="maven.multiModuleProjectDirectory" value="C:\SeleniumTraining\JavaLearning\NaveenAutomationLabsPOMSeries"/>
    <property name="java.vm.specification.name" value="Java Virtual Machine Specification"/>
    <property name="java.awt.printerjob" value="sun.awt.windows.WPrinterJob"/>
    <property name="sun.os.patch.level" value=""/>
    <property name="java.library.path" value="C:\Program Files\Java\jdk-11\bin;C:\WINDOWS\Sun\Java\bin;C:\WINDOWS\system32;C:\WINDOWS;C:\ProgramData\Oracle\Java\javapath;C:\Program Files\Java\jdk1.8.0_72\bin;C:\WINDOWS\system32;C:\WINDOWS;C:\WINDOWS\System32\Wbem;C:\WINDOWS\System32\WindowsPowerShell\v1.0\;C:\Program Files\Intel\WiFi\bin\;C:\Program Files\Common Files\Intel\WirelessCommon\;C:\WINDOWS\System32\OpenSSH\;C:\Program Files\Microsoft SQL Server\Client SDK\ODBC\130\Tools\Binn\;C:\Program Files (x86)\Microsoft SQL Server\140\Tools\Binn\;C:\Program Files\Microsoft SQL Server\140\Tools\Binn\;C:\Program Files\Microsoft SQL Server\140\DTS\Binn\;C:\Program Files (x86)\Microsoft SQL Server\Client SDK\ODBC\130\Tools\Binn\;C:\Program Files (x86)\Microsoft SQL Server\140\DTS\Binn\;C:\Program Files (x86)\Microsoft SQL Server\140\Tools\Binn\ManagementStudio\;C:\SeleniumTraining\apache-maven-3.6.0\bin;C:\SeleniumTraining\JavaLearning\WebDriverExe;C:\Users\patel\scoop\shims;C:\Users\patel\AppData\Local\Microsoft\WindowsApps;C:\SeleniumTraining\JavaLearning\WebDriverExe;;."/>
    <property name="java.vendor" value="Oracle Corporation"/>
    <property name="java.vm.info" value="mixed mode"/>
    <property name="java.vm.version" value="11+28"/>
    <property name="classworlds.conf" value="C:\SeleniumTraining\apache-maven-3.6.0\bin\..\bin\m2.conf"/>
    <property name="sun.io.unicode.encoding" value="UnicodeLittle"/>
    <property name="library.jansi.path" value="C:\SeleniumTraining\apache-maven-3.6.0\bin\..\lib\jansi-native"/>
    <property name="java.class.version" value="55.0"/>
  </properties>
  <testcase name="verifyLoginPageTitleTest" classname="com.qa.hubspot.testcases.LoginPageTest" time="2.342"/>
  <testcase name="verifyLoginPageTitleTest" classname="com.qa.hubspot.testcases.LoginPageTest" time="1.948"/>
  <testcase name="verifyHomePageTitleTest" classname="com.qa.hubspot.testcases.HomePageTest" time="0.02"/>
  <testcase name="verifyHomePageTitleTest" classname="com.qa.hubspot.testcases.HomePageTest" time="0.051"/>
  <testcase name="verifySignUpLink" classname="com.qa.hubspot.testcases.LoginPageTest" time="0.099"/>
  <testcase name="verifySignUpLink" classname="com.qa.hubspot.testcases.LoginPageTest" time="0.12"/>
  <testcase name="verifyHomePageHeaderTest" classname="com.qa.hubspot.testcases.HomePageTest" time="0.044"/>
  <testcase name="verifyHomePageHeaderTest" classname="com.qa.hubspot.testcases.HomePageTest" time="0.099"/>
  <testcase name="verifyDontHaveAnAccountTextTest" classname="com.qa.hubspot.testcases.LoginPageTest" time="0.05"/>
  <testcase name="verifyDontHaveAnAccountTextTest" classname="com.qa.hubspot.testcases.LoginPageTest" time="0.027"/>
  <testcase name="verifyLoggedInUserNameTest" classname="com.qa.hubspot.testcases.HomePageTest" time="0.035"/>
  <testcase name="verifyLoggedInUserNameTest" classname="com.qa.hubspot.testcases.HomePageTest" time="0.034"/>
  <testcase name="loginTest" classname="com.qa.hubspot.testcases.LoginPageTest" time="1.558"/>
  <testcase name="loginTest" classname="com.qa.hubspot.testcases.LoginPageTest" time="3.255"/>
</testsuite>