<?xml version="1.0" encoding="UTF-8"?>
<!-- Generated by org.testng.reporters.JUnitReportReporter -->
<testsuite skipped="0" hostname="SHREE-PC" name="com.qa.hubspot.testcases.HomePageTest" tests="6" failures="0" timestamp="15 Feb 2020 00:32:49 GMT" time="0.317" errors="0">
  <testcase name="verifyHomePageTitleTest" time="0.024" classname="com.qa.hubspot.testcases.HomePageTest"/>
  <testcase name="verifyHomePageTitleTest" time="0.103" classname="com.qa.hubspot.testcases.HomePageTest"/>
  <testcase name="verifyHomePageHeaderTest" time="0.046" classname="com.qa.hubspot.testcases.HomePageTest"/>
  <testcase name="verifyHomePageHeaderTest" time="0.077" classname="com.qa.hubspot.testcases.HomePageTest"/>
  <testcase name="verifyLoggedInUserNameTest" time="0.027" classname="com.qa.hubspot.testcases.HomePageTest"/>
  <testcase name="verifyLoggedInUserNameTest" time="0.040" classname="com.qa.hubspot.testcases.HomePageTest"/>
</testsuite> <!-- com.qa.hubspot.testcases.HomePageTest -->
