<?xml version="1.0" encoding="UTF-8"?>
<!-- Generated by org.testng.reporters.JUnitReportReporter -->
<testsuite skipped="0" hostname="SHREE-PC" name="com.hubspot.testcases.LoginTest" tests="1" failures="0" timestamp="30 Jan 2020 20:01:47 GMT" time="0.008" errors="0">
  <testcase name="loginPageTitle" time="0.008" classname="com.hubspot.testcases.LoginTest"/>
</testsuite> <!-- com.hubspot.testcases.LoginTest -->
