<?xml version="1.0" encoding="UTF-8"?>
<!-- Generated by org.testng.reporters.JUnitReportReporter -->
<testsuite skipped="1" hostname="SHREE-PC" name="com.qa.hubspot.testcases.LoginPageTest" tests="5" failures="0" timestamp="15 Feb 2020 19:20:38 GMT" time="8.875" errors="0">
  <testcase name="verifyLoginPageTitleTest" time="4.730" classname="com.qa.hubspot.testcases.LoginPageTest"/>
  <testcase name="verifySignUpLink" time="0.176" classname="com.qa.hubspot.testcases.LoginPageTest"/>
  <testcase name="verifyDontHaveAnAccountTextTest" time="0.106" classname="com.qa.hubspot.testcases.LoginPageTest"/>
  <testcase name="loginTest" time="3.863" classname="com.qa.hubspot.testcases.LoginPageTest"/>
  <testcase name="login_InvalidTestCases" classname="com.qa.hubspot.testcases.LoginPageTest">
    <skipped/>
  </testcase> <!-- login_InvalidTestCases -->
</testsuite> <!-- com.qa.hubspot.testcases.LoginPageTest -->
