<?xml version="1.0" encoding="UTF-8"?>
<!-- Generated by org.testng.reporters.JUnitReportReporter -->
<testsuite skipped="1" hostname="SHREE-PC" name="com.qa.hubspot.testcases.LoginPageTest" tests="5" failures="0" timestamp="18 Feb 2020 19:19:06 GMT" time="8.189" errors="0">
  <testcase name="verifyLoginPageTitleTest" time="4.728" classname="com.qa.hubspot.testcases.LoginPageTest"/>
  <testcase name="verifySignUpLink" time="0.107" classname="com.qa.hubspot.testcases.LoginPageTest"/>
  <testcase name="verifyDontHaveAnAccountTextTest" time="0.119" classname="com.qa.hubspot.testcases.LoginPageTest"/>
  <testcase name="loginTest" time="3.235" classname="com.qa.hubspot.testcases.LoginPageTest"/>
  <testcase name="login_InvalidTestCases" classname="com.qa.hubspot.testcases.LoginPageTest">
    <skipped/>
  </testcase> <!-- login_InvalidTestCases -->
</testsuite> <!-- com.qa.hubspot.testcases.LoginPageTest -->
