<?xml version="1.0" encoding="UTF-8"?>
<!-- Generated by org.testng.reporters.JUnitReportReporter -->
<testsuite skipped="2" hostname="SHREE-PC" name="com.qa.hubspot.testcases.LoginPageTest" tests="10" failures="0" timestamp="15 Feb 2020 00:32:49 GMT" time="16.454" errors="0">
  <testcase name="verifyLoginPageTitleTest" time="4.066" classname="com.qa.hubspot.testcases.LoginPageTest"/>
  <testcase name="verifyLoginPageTitleTest" time="5.048" classname="com.qa.hubspot.testcases.LoginPageTest"/>
  <testcase name="verifySignUpLink" time="0.101" classname="com.qa.hubspot.testcases.LoginPageTest"/>
  <testcase name="verifySignUpLink" time="0.646" classname="com.qa.hubspot.testcases.LoginPageTest"/>
  <testcase name="verifyDontHaveAnAccountTextTest" time="0.059" classname="com.qa.hubspot.testcases.LoginPageTest"/>
  <testcase name="verifyDontHaveAnAccountTextTest" time="0.106" classname="com.qa.hubspot.testcases.LoginPageTest"/>
  <testcase name="loginTest" time="3.004" classname="com.qa.hubspot.testcases.LoginPageTest"/>
  <testcase name="loginTest" time="3.424" classname="com.qa.hubspot.testcases.LoginPageTest"/>
  <testcase name="login_InvalidTestCases" classname="com.qa.hubspot.testcases.LoginPageTest">
    <skipped/>
  </testcase> <!-- login_InvalidTestCases -->
  <testcase name="login_InvalidTestCases" classname="com.qa.hubspot.testcases.LoginPageTest">
    <skipped/>
  </testcase> <!-- login_InvalidTestCases -->
</testsuite> <!-- com.qa.hubspot.testcases.LoginPageTest -->
