<?xml version="1.0" encoding="UTF-8"?>
<!-- Generated by org.testng.reporters.JUnitReportReporter -->
<testsuite skipped="1" hostname="SHREE-PC" name="com.qa.hubspot.testcases.ContactsPageTest" tests="3" failures="0" timestamp="13 Feb 2020 18:49:09 GMT" time="47.872" errors="0">
  <testcase name="createContactsTest" time="24.156" classname="com.qa.hubspot.testcases.ContactsPageTest"/>
  <testcase name="createContactsTest" time="23.716" classname="com.qa.hubspot.testcases.ContactsPageTest"/>
  <testcase name="deleteContactTest" classname="com.qa.hubspot.testcases.ContactsPageTest">
    <skipped/>
  </testcase> <!-- deleteContactTest -->
</testsuite> <!-- com.qa.hubspot.testcases.ContactsPageTest -->
