<?xml version="1.0" encoding="UTF-8"?>
<!-- Generated by org.testng.reporters.JUnitReportReporter -->
<testsuite hostname="SHREE-PC" failures="0" tests="10" name="com.qa.hubspot.testcases.LoginPageTest" time="17.166" errors="0" timestamp="14 Feb 2020 23:00:25 GMT" skipped="2">
  <testcase classname="com.qa.hubspot.testcases.LoginPageTest" name="verifyLoginPageTitleTest" time="4.572"/>
  <testcase classname="com.qa.hubspot.testcases.LoginPageTest" name="verifyLoginPageTitleTest" time="4.998"/>
  <testcase classname="com.qa.hubspot.testcases.LoginPageTest" name="verifySignUpLink" time="0.204"/>
  <testcase classname="com.qa.hubspot.testcases.LoginPageTest" name="verifySignUpLink" time="0.109"/>
  <testcase classname="com.qa.hubspot.testcases.LoginPageTest" name="verifyDontHaveAnAccountTextTest" time="0.055"/>
  <testcase classname="com.qa.hubspot.testcases.LoginPageTest" name="verifyDontHaveAnAccountTextTest" time="0.039"/>
  <testcase classname="com.qa.hubspot.testcases.LoginPageTest" name="loginTest" time="3.926"/>
  <testcase classname="com.qa.hubspot.testcases.LoginPageTest" name="loginTest" time="3.263"/>
  <testcase classname="com.qa.hubspot.testcases.LoginPageTest" name="login_InvalidTestCases">
    <skipped/>
  </testcase> <!-- login_InvalidTestCases -->
  <testcase classname="com.qa.hubspot.testcases.LoginPageTest" name="login_InvalidTestCases">
    <skipped/>
  </testcase> <!-- login_InvalidTestCases -->
</testsuite> <!-- com.qa.hubspot.testcases.LoginPageTest -->
