<?xml version="1.0" encoding="UTF-8"?>
<!-- Generated by org.testng.reporters.JUnitReportReporter -->
<testsuite hostname="SHREE-PC" failures="0" tests="6" name="com.qa.hubspot.testcases.HomePageTest" time="0.276" errors="0" timestamp="14 Feb 2020 23:00:25 GMT" skipped="0">
  <testcase classname="com.qa.hubspot.testcases.HomePageTest" name="verifyHomePageTitleTest" time="0.020"/>
  <testcase classname="com.qa.hubspot.testcases.HomePageTest" name="verifyHomePageTitleTest" time="0.020"/>
  <testcase classname="com.qa.hubspot.testcases.HomePageTest" name="verifyHomePageHeaderTest" time="0.043"/>
  <testcase classname="com.qa.hubspot.testcases.HomePageTest" name="verifyHomePageHeaderTest" time="0.097"/>
  <testcase classname="com.qa.hubspot.testcases.HomePageTest" name="verifyLoggedInUserNameTest" time="0.042"/>
  <testcase classname="com.qa.hubspot.testcases.HomePageTest" name="verifyLoggedInUserNameTest" time="0.054"/>
</testsuite> <!-- com.qa.hubspot.testcases.HomePageTest -->
